<?xml version="1.0" encoding="UTF-8"?>
<!-- Generated by org.testng.reporters.JUnitReportReporter -->
<testsuite hostname="TYSS-Sumanth-Chinivar" failures="0" tests="1" name="writingAutomationScripts.AddToWishList" time="8.076" errors="0" timestamp="2024-03-06T23:54:39 IST" skipped="0">
  <testcase classname="writingAutomationScripts.AddToWishList" name="addToWishList" time="8.076">
    <system-out>
      <![CDATA[Browser is launched
Browser is maximized
DemoWebShop is launched
Login page is launched
User entered correct email id into email text field
User entered correct password into password text field
Login successful
Products page is displayed
User entered correct recipient name
User entered correct recipient email
User clicked on add to wish list button]]>
    </system-out>
  </testcase> <!-- addToWishList -->
  <system-out>
    <![CDATA[Browser is launched
Browser is maximized
DemoWebShop is launched
Login page is launched
User entered correct email id into email text field
User entered correct password into password text field
Login successful
Products page is displayed
User entered correct recipient name
User entered correct recipient email
User clicked on add to wish list button]]>
  </system-out>
</testsuite> <!-- writingAutomationScripts.AddToWishList -->
