<?xml version="1.0" encoding="UTF-8"?>
<!-- Generated by org.testng.reporters.JUnitReportReporter -->
<testsuite hostname="TYSS-Sumanth-Chinivar" failures="0" tests="1" name="writingAutomationScripts.LoginUsingPOM" time="6.023" errors="0" timestamp="2024-03-06T00:08:40 IST" skipped="0">
  <testcase classname="writingAutomationScripts.LoginUsingPOM" name="login" time="6.023">
    <system-out>
      <![CDATA[Browser is launched
Browser is maximized]]>
    </system-out>
  </testcase> <!-- login -->
  <system-out>
    <![CDATA[Browser is launched
Browser is maximized]]>
  </system-out>
</testsuite> <!-- writingAutomationScripts.LoginUsingPOM -->
