<?xml version="1.0" encoding="UTF-8"?>
<!-- Generated by org.testng.reporters.JUnitReportReporter -->
<testsuite hostname="TYSS-Sumanth-Chinivar" failures="0" tests="1" name="writingAutomationScripts.ClickOnRegisterLinkUsingPOM" time="5.769" errors="0" timestamp="2024-03-05T23:58:44 IST" skipped="0">
  <testcase classname="writingAutomationScripts.ClickOnRegisterLinkUsingPOM" name="clickOnRegister" time="5.769">
    <system-out>
      <![CDATA[Browser is launched
Browser is maximized]]>
    </system-out>
  </testcase> <!-- clickOnRegister -->
  <system-out>
    <![CDATA[Browser is launched
Browser is maximized]]>
  </system-out>
</testsuite> <!-- writingAutomationScripts.ClickOnRegisterLinkUsingPOM -->
