<?xml version="1.0" encoding="UTF-8"?>
<!-- Generated by org.testng.reporters.JUnitReportReporter -->
<testsuite hostname="TYSS-Sumanth-Chinivar" failures="0" tests="1" name="writingAutomationScripts.AddProductToCart" time="8.981" errors="0" timestamp="2024-03-06T00:42:07 IST" skipped="0">
  <testcase classname="writingAutomationScripts.AddProductToCart" name="addProductToCart" time="8.981">
    <system-out>
      <![CDATA[Browser is launched
Browser is maximized]]>
    </system-out>
  </testcase> <!-- addProductToCart -->
  <system-out>
    <![CDATA[Browser is launched
Browser is maximized]]>
  </system-out>
</testsuite> <!-- writingAutomationScripts.AddProductToCart -->
