<?xml version="1.0" encoding="UTF-8"?>
<!-- Generated by org.testng.reporters.JUnitReportReporter -->
<testsuite hostname="TYSS-Sumanth-Chinivar" failures="0" tests="1" name="writingAutomationScripts.ClickOnShoppingCartLink" time="6.866" errors="0" timestamp="2024-03-07T00:35:28 IST" skipped="0">
  <testcase classname="writingAutomationScripts.ClickOnShoppingCartLink" name="clickOnShoppingCartLink" time="6.866">
    <system-out>
      <![CDATA[Browser is launched
Browser is maximized
DemoWebShop is launched
Login page is launched
User entered correct email id into email text field
User entered correct password into password text field
Login successful
Shopping cart page is opened]]>
    </system-out>
  </testcase> <!-- clickOnShoppingCartLink -->
  <system-out>
    <![CDATA[Browser is launched
Browser is maximized
DemoWebShop is launched
Login page is launched
User entered correct email id into email text field
User entered correct password into password text field
Login successful
Shopping cart page is opened]]>
  </system-out>
</testsuite> <!-- writingAutomationScripts.ClickOnShoppingCartLink -->
