<?xml version="1.0" encoding="UTF-8"?>
<!-- Generated by org.testng.reporters.JUnitReportReporter -->
<testsuite hostname="TYSS-Sumanth-Chinivar" failures="0" tests="2" name="learningParameterization.LearningAtParameter" time="0.010" errors="0" timestamp="2024-03-02T00:21:40 IST" skipped="0">
  <testcase classname="learningParameterization.LearningAtParameter" name="add" time="0.009"/>
  <testcase classname="learningParameterization.LearningAtParameter" name="add" time="0.001"/>
</testsuite> <!-- learningParameterization.LearningAtParameter -->
