<?xml version="1.0" encoding="UTF-8"?>
<!-- Generated by org.testng.reporters.JUnitReportReporter -->
<testsuite hostname="TYSS-Sumanth-Chinivar" failures="0" tests="1" name="writingAutomationScripts.SubscribeToNewsLetter" time="6.786" errors="0" timestamp="2024-03-07T00:24:37 IST" skipped="0">
  <testcase classname="writingAutomationScripts.SubscribeToNewsLetter" name="subscribe" time="6.786">
    <system-out>
      <![CDATA[Browser is launched
Browser is maximized
DemoWebShop is launched
Login page is launched
User entered correct email id into email text field
User entered correct password into password text field
Login successful
User entered correct email into email text field
Subscribed to newsletter]]>
    </system-out>
  </testcase> <!-- subscribe -->
  <system-out>
    <![CDATA[Browser is launched
Browser is maximized
DemoWebShop is launched
Login page is launched
User entered correct email id into email text field
User entered correct password into password text field
Login successful
User entered correct email into email text field
Subscribed to newsletter]]>
  </system-out>
</testsuite> <!-- writingAutomationScripts.SubscribeToNewsLetter -->
